<?xml version="1.0" encoding="UTF-8"?>
<!-- Generated by org.testng.reporters.JUnitXMLReporter -->
<testsuite hostname="Administrators-MacBook-Pro-9.local" ignored="0" name="Default test" tests="4" failures="0" timestamp="06 Nov 2018 03:32:46 GMT" time="22.46" errors="0">
  <testcase name="verifyLoginPageTitleTest" time="0.032" classname="com.qa.hubspot.testcases.LoginTest"/>
  <testcase name="verifyForgotPassowrdLinkTest" time="0.041" classname="com.qa.hubspot.testcases.LoginTest"/>
  <testcase name="verifySignUpLinkTest" time="0.035" classname="com.qa.hubspot.testcases.LoginTest"/>
  <testcase name="loginTest" time="0.604" classname="com.qa.hubspot.testcases.LoginTest"/>
</testsuite> <!-- Default test -->
