<?xml version="1.0" encoding="UTF-8"?>
<!-- Generated by org.testng.reporters.JUnitXMLReporter -->
<testsuite hostname="Administrators-MacBook-Pro-9.local" ignored="0" name="HubSpot Regression Test Cases" tests="2" failures="0" timestamp="06 Nov 2018 03:32:01 GMT" time="16.775" errors="0">
  <testcase name="verifyLoginPageTitleTest" time="0.017" classname="com.qa.hubspot.testcases.LoginTest"/>
  <testcase name="verifyHomePageTitleTest" time="4.854" classname="com.qa.hubspot.testcases.HomePageTest"/>
</testsuite> <!-- HubSpot Regression Test Cases -->
