<?xml version="1.0" encoding="UTF-8"?>
<!-- Generated by org.testng.reporters.JUnitXMLReporter -->
<testsuite hostname="Administrators-MacBook-Pro-9.local" ignored="0" name="HubSpot Regression Run" tests="4" failures="0" timestamp="06 Nov 2018 03:35:32 GMT" time="24.292" errors="0">
  <testcase name="verifyLoginPageTitleTest" time="0.014" classname="com.qa.hubspot.testcases.LoginTest"/>
  <testcase name="verifyForgotPassowrdLinkTest" time="0.042" classname="com.qa.hubspot.testcases.LoginTest"/>
  <testcase name="verifySignUpLinkTest" time="0.04" classname="com.qa.hubspot.testcases.LoginTest"/>
  <testcase name="loginTest" time="0.695" classname="com.qa.hubspot.testcases.LoginTest"/>
</testsuite> <!-- HubSpot Regression Run -->
