<?xml version="1.0" encoding="UTF-8"?>
<!-- Generated by org.testng.reporters.JUnitXMLReporter -->
<testsuite hostname="Administrators-MacBook-Pro-9.local" ignored="0" name="Hub Spot Regression Test Cases" tests="7" failures="0" timestamp="06 Nov 2018 03:41:13 GMT" time="57.778" errors="0">
  <testcase name="verifyLoginPageTitleTest" time="0.037" classname="com.qa.hubspot.testcases.LoginTest"/>
  <testcase name="verifyHomePageTitleTest" time="5.522" classname="com.qa.hubspot.testcases.HomePageTest"/>
  <testcase name="verifyForgotPassowrdLinkTest" time="0.062" classname="com.qa.hubspot.testcases.LoginTest"/>
  <testcase name="verifyHomePageHeaderTest" time="6.532" classname="com.qa.hubspot.testcases.HomePageTest"/>
  <testcase name="verifySignUpLinkTest" time="0.056" classname="com.qa.hubspot.testcases.LoginTest"/>
  <testcase name="verifyCorrectLoggedInAccountNameTest" time="6.568" classname="com.qa.hubspot.testcases.HomePageTest"/>
  <testcase name="loginTest" time="0.624" classname="com.qa.hubspot.testcases.LoginTest"/>
</testsuite> <!-- Hub Spot Regression Test Cases -->
