<?xml version="1.0" encoding="UTF-8"?>
<!-- Generated by org.testng.reporters.JUnitXMLReporter -->
<testsuite hostname="Administrators-MacBook-Pro-9.local" ignored="0" name="Hub Spot Regression Test Cases on chrome" tests="2" failures="0" timestamp="09 Nov 2018 03:23:10 GMT" time="18.012" errors="0">
  <testcase name="verifyLoginPageTitleTest" time="0.05" classname="com.qa.hubspot.testcases.LoginTest"/>
  <testcase name="verifyHomePageTitleTest" time="4.824" classname="com.qa.hubspot.testcases.HomePageTest"/>
</testsuite> <!-- Hub Spot Regression Test Cases on chrome -->
