<?xml version="1.0" encoding="UTF-8"?>
<!-- Generated by org.testng.reporters.JUnitXMLReporter -->
<testsuite hostname="Administrators-MacBook-Pro-9.local" ignored="0" name="Hub Spot Regression Test Cases on chrome" tests="7" failures="0" timestamp="07 Nov 2018 03:07:19 GMT" time="58.454" errors="0">
  <testcase name="verifyLoginPageTitleTest" time="0.018" classname="com.qa.hubspot.testcases.LoginTest"/>
  <testcase name="verifyHomePageTitleTest" time="5.772" classname="com.qa.hubspot.testcases.HomePageTest"/>
  <testcase name="verifyForgotPassowrdLinkTest" time="0.05" classname="com.qa.hubspot.testcases.LoginTest"/>
  <testcase name="verifyHomePageHeaderTest" time="7.713" classname="com.qa.hubspot.testcases.HomePageTest"/>
  <testcase name="verifySignUpLinkTest" time="0.036" classname="com.qa.hubspot.testcases.LoginTest"/>
  <testcase name="verifyCorrectLoggedInAccountNameTest" time="5.723" classname="com.qa.hubspot.testcases.HomePageTest"/>
  <testcase name="loginTest" time="0.607" classname="com.qa.hubspot.testcases.LoginTest"/>
</testsuite> <!-- Hub Spot Regression Test Cases on chrome -->
