<?xml version="1.0" encoding="UTF-8"?>
<!-- Generated by org.testng.reporters.JUnitXMLReporter -->
<testsuite hostname="Administrators-MacBook-Pro-9.local" ignored="0" name="HubSpot Regression Test Cases" tests="2" failures="0" timestamp="06 Nov 2018 03:26:02 GMT" time="17.713" errors="0">
  <testcase name="verifyLoginPageTitleTest" time="0.018" classname="com.qa.hubspot.tests.LoginTest"/>
  <testcase name="verifyHomePageTitleTest" time="4.805" classname="com.qa.hubspot.tests.HomePageTest"/>
</testsuite> <!-- HubSpot Regression Test Cases -->
